<?xml version="1.0" encoding="UTF-8"?>
<testsuite xmlns:xsi="http://www.w3.org/2001/XMLSchema-instance" xsi:noNamespaceSchemaLocation="https://maven.apache.org/surefire/maven-surefire-plugin/xsd/surefire-test-report-3.0.xsd" version="3.0" name="ItemRepositoryTest" time="0.01" tests="7" errors="0" skipped="0" failures="0">
  <properties>
[...]
</properties>
  <testcase name="delete_missing_error" classname="ItemRepositoryTest" time="0.001"/>
  <testcase name="update_invalidValue_error" classname="ItemRepositoryTest" time="0.001"/>
  <testcase name="delete_existing_success" classname="ItemRepositoryTest" time="0.0"/>
  <testcase name="add_duplicate_error" classname="ItemRepositoryTest" time="0.001"/>
  <testcase name="add_unique_success" classname="ItemRepositoryTest" time="0.0"/>
  <testcase name="update_success" classname="ItemRepositoryTest" time="0.0"/>
  <testcase name="update_missing_error" classname="ItemRepositoryTest" time="0.001"/>
</testsuite>